SF:lib/core/network/network_info.dart
DA:10,1
DA:12,1
DA:13,2
LF:3
LH:3
end_of_record
SF:lib/core/error/exceptions.dart
DA:4,2
LF:1
LH:1
end_of_record
SF:lib/features/movie_list/data/data_sources/api/movie_dto.dart
DA:31,1
DA:48,0
DA:49,0
DA:50,0
DA:52,1
DA:53,1
DA:54,1
DA:55,1
DA:56,1
DA:57,1
DA:58,1
DA:59,1
DA:60,1
DA:61,1
DA:62,1
DA:63,1
DA:64,1
DA:65,1
DA:66,1
DA:67,1
LF:20
LH:17
end_of_record
SF:lib/features/movie_list/data/data_sources/api/movie_dto.g.dart
DA:9,0
DA:10,0
DA:11,0
DA:12,0
DA:13,0
DA:14,0
DA:15,0
DA:17,0
DA:18,0
DA:19,0
DA:20,0
DA:21,0
DA:22,0
DA:23,0
DA:24,0
DA:25,0
DA:26,0
DA:30,0
DA:31,0
DA:32,0
DA:33,0
DA:34,0
DA:35,0
DA:36,0
DA:37,0
DA:38,0
DA:39,0
DA:40,0
DA:41,0
DA:42,0
DA:43,0
DA:44,0
LF:32
LH:0
end_of_record
SF:lib/features/movie_list/data/data_sources/api/movie_remote_data_source_impl.dart
DA:9,1
DA:12,1
DA:13,3
DA:14,2
DA:16,2
DA:17,6
DA:19,1
LF:7
LH:7
end_of_record
SF:lib/features/movie_list/data/data_sources/api/search_movie_result_dto.dart
DA:16,1
DA:18,0
DA:19,0
DA:20,0
LF:4
LH:1
end_of_record
SF:lib/features/movie_list/data/data_sources/api/search_movie_result_dto.g.dart
DA:9,0
DA:10,0
DA:11,0
DA:12,0
DA:13,0
DA:14,0
DA:15,0
DA:16,0
DA:17,0
DA:21,0
DA:23,0
DA:24,0
DA:25,0
DA:26,0
DA:27,0
LF:15
LH:0
end_of_record
SF:lib/features/movie_list/data/models/movie_model.dart
DA:5,1
DA:20,1
LF:2
LH:2
end_of_record
SF:lib/features/movie_list/data/data_sources/api/tmdb_api.dart
DA:13,0
DA:14,0
DA:15,0
DA:16,0
DA:18,0
LF:5
LH:0
end_of_record
SF:lib/features/movie_list/data/data_sources/api/tmdb_api.g.dart
DA:10,0
DA:11,0
DA:12,0
DA:20,0
DA:22,0
DA:24,0
DA:28,0
DA:29,0
DA:30,0
DA:32,0
DA:34,0
DA:36,0
DA:38,0
DA:39,0
LF:14
LH:0
end_of_record
SF:lib/features/movie_list/domain/entities/movie.dart
DA:21,1
DA:38,1
DA:39,1
DA:40,1
DA:41,1
DA:42,1
DA:43,1
DA:44,1
DA:45,1
DA:46,1
DA:47,1
DA:48,1
DA:49,1
DA:50,1
DA:51,1
DA:52,1
DA:53,1
LF:17
LH:17
end_of_record
SF:lib/core/error/failures.dart
DA:4,1
DA:5,1
LF:2
LH:2
end_of_record
SF:lib/features/movie_list/data/repositories/movie_repository_impl.dart
DA:13,1
DA:16,1
DA:17,3
DA:20,3
DA:21,1
DA:22,1
DA:23,2
DA:26,2
LF:8
LH:8
end_of_record
SF:lib/features/movie_list/domain/usecases/search_movies.dart
DA:12,1
DA:15,1
DA:16,3
DA:23,2
DA:25,0
DA:26,0
LF:6
LH:4
end_of_record
SF:lib/core/domain/usecase.dart
DA:10,0
DA:11,0
LF:2
LH:0
end_of_record
SF:lib/features/movie_list/presentation/cubits/movie_list_state.dart
DA:4,2
DA:6,1
DA:7,1
DA:16,1
DA:18,1
DA:19,2
DA:25,2
DA:27,1
DA:28,2
LF:9
LH:9
end_of_record
SF:lib/features/movie_list/presentation/cubits/movie_list_cubit.dart
DA:13,3
DA:15,1
DA:16,2
DA:17,4
DA:18,1
DA:19,4
DA:20,3
DA:24,1
LF:8
LH:8
end_of_record
